<?xml version="1.0" encoding="UTF-8"?>
<!-- Generated by org.testng.reporters.JUnitXMLReporter -->
<testsuite hostname="SR-Acer" ignored="0" name="Regression" tests="3" failures="0" timestamp="2019-11-16T05:49:40 EST" time="0.135" errors="0">
  <testcase name="firstTestNgMethod" time="0.024" classname="com.selnum.testng.MyFirstTestNg"/>
  <testcase name="createUser" time="0.002" classname="com.selnum.testng.MyFirstTestNg"/>
  <testcase name="editUser" time="0.004" classname="com.selnum.testng.MyFirstTestNg"/>
</testsuite> <!-- Regression -->
