<?xml version="1.0" encoding="UTF-8"?>
<!-- Generated by org.testng.reporters.JUnitXMLReporter -->
<testsuite hostname="SR-Acer" ignored="1" name="Default test" tests="4" failures="0" timestamp="2019-11-16T06:27:24 EST" time="0.072" errors="0">
  <testcase name="createUser" time="0.011" classname="com.selnum.testng.MyFirstTestNg"/>
  <testcase name="createUser" time="0.003" classname="com.selnum.testng.MyFirstTestNg"/>
  <testcase name="deleteUser" time="0.002" classname="com.selnum.testng.MyFirstTestNg"/>
  <testcase name="editUser" time="0.003" classname="com.selnum.testng.MyFirstTestNg"/>
  <testcase name="firstTestNgMethod" time="0.0" classname="com.selnum.testng.MyFirstTestNg">
    <ignored/>
  </testcase> <!-- firstTestNgMethod -->
</testsuite> <!-- Default test -->
