<?xml version="1.0" encoding="UTF-8"?>
<!-- Generated by org.testng.reporters.JUnitXMLReporter -->
<testsuite hostname="SR-Acer" ignored="1" name="Default test" tests="1" failures="0" timestamp="2019-11-25T06:38:25 EST" time="30.797" errors="0">
  <testcase name="logInRegUser" time="14.52" classname="com.selnum.educasestudies.RegisteredUserException"/>
  <testcase name="regUserException" time="0.0" classname="com.selnum.educasestudies.RegisteredUserException">
    <ignored/>
  </testcase> <!-- regUserException -->
</testsuite> <!-- Default test -->
