<?xml version="1.0" encoding="UTF-8"?>
<testng-results skipped="0" failed="0" ignored="1" total="2" passed="1">
  <reporter-output>
  </reporter-output>
  <suite name="Default suite" duration-ms="30797" started-at="2019-11-25T06:37:54 EST" finished-at="2019-11-25T06:38:25 EST">
    <groups>
    </groups>
    <test name="Default test" duration-ms="30797" started-at="2019-11-25T06:37:54 EST" finished-at="2019-11-25T06:38:25 EST">
      <class name="com.selnum.educasestudies.RegisteredUserException">
        <test-method status="PASS" signature="openbrwsr()[pri:0, instance:com.selnum.educasestudies.RegisteredUserException@7b6e5c12]" name="openbrwsr" is-config="true" duration-ms="16197" started-at="2019-11-25T06:37:54 EST" finished-at="2019-11-25T06:38:10 EST">
          <reporter-output>
          </reporter-output>
        </test-method> <!-- openbrwsr -->
        <test-method status="PASS" signature="logInRegUser()[pri:0, instance:com.selnum.educasestudies.RegisteredUserException@7b6e5c12]" name="logInRegUser" duration-ms="14520" started-at="2019-11-25T06:38:10 EST" finished-at="2019-11-25T06:38:25 EST">
          <reporter-output>
          </reporter-output>
        </test-method> <!-- logInRegUser -->
      </class> <!-- com.selnum.educasestudies.RegisteredUserException -->
    </test> <!-- Default test -->
  </suite> <!-- Default suite -->
</testng-results>
